{"G:\\DBSF\\01-Javascript\\Materi\\11 JavaScript Testing\\soal1.js": {"path":"G:\\DBSF\\01-Javascript\\Materi\\11 JavaScript Testing\\soal1.js","statementMap":{"0":{"start":{"line":1,"column":21},"end":{"line":7,"column":1}},"1":{"start":{"line":2,"column":29},"end":{"line":2,"column":78}},"2":{"start":{"line":2,"column":54},"end":{"line":2,"column":77}},"3":{"start":{"line":5,"column":22},"end":{"line":5,"column":71}},"4":{"start":{"line":5,"column":56},"end":{"line":5,"column":67}},"5":{"start":{"line":6,"column":4},"end":{"line":6,"column":41}},"6":{"start":{"line":9,"column":22},"end":{"line":20,"column":1}},"7":{"start":{"line":10,"column":22},"end":{"line":10,"column":24}},"8":{"start":{"line":11,"column":20},"end":{"line":11,"column":44}},"9":{"start":{"line":13,"column":4},"end":{"line":16,"column":5}},"10":{"start":{"line":15,"column":8},"end":{"line":15,"column":20}},"11":{"start":{"line":19,"column":4},"end":{"line":19,"column":17}},"12":{"start":{"line":23,"column":0},"end":{"line":23,"column":48}}},"fnMap":{"0":{"name":"(anonymous_0)","decl":{"start":{"line":1,"column":21},"end":{"line":1,"column":22}},"loc":{"start":{"line":1,"column":37},"end":{"line":7,"column":1}},"line":1},"1":{"name":"(anonymous_1)","decl":{"start":{"line":2,"column":46},"end":{"line":2,"column":47}},"loc":{"start":{"line":2,"column":54},"end":{"line":2,"column":77}},"line":2},"2":{"name":"(anonymous_2)","decl":{"start":{"line":5,"column":40},"end":{"line":5,"column":41}},"loc":{"start":{"line":5,"column":56},"end":{"line":5,"column":67}},"line":5},"3":{"name":"(anonymous_3)","decl":{"start":{"line":9,"column":22},"end":{"line":9,"column":23}},"loc":{"start":{"line":9,"column":44},"end":{"line":20,"column":1}},"line":9}},"branchMap":{"0":{"loc":{"start":{"line":13,"column":4},"end":{"line":16,"column":5}},"type":"if","locations":[{"start":{"line":13,"column":4},"end":{"line":16,"column":5}},{"start":{},"end":{}}],"line":13}},"s":{"0":1,"1":3,"2":9,"3":3,"4":9,"5":3,"6":1,"7":2,"8":2,"9":2,"10":1,"11":1,"12":1},"f":{"0":3,"1":9,"2":9,"3":2},"b":{"0":[1,1]},"_coverageSchema":"1a1c01bbd47fc00a2c39e90264f33305004495a9","hash":"3965a1cca964dc706c92e37cd8cdec694c8ded1a"}
}
